<?xml version="1.0" encoding="UTF-8"?>
<testsuite name="pack1.TestMaDeuxiemeClasse" tests="2" skipped="0" failures="0" errors="0" timestamp="2015-11-17T09:29:57" hostname="p20214" time="3.06">
  <properties/>
  <testcase name="testMethode" classname="pack1.TestMaDeuxiemeClasse" time="0.006"/>
  <testcase name="testMethode" classname="pack1.TestMaDeuxiemeClasse" time="0.0"/>
  <system-out><![CDATA[]]></system-out>
  <system-err><![CDATA[]]></system-err>
</testsuite>
