<?xml version="1.0" encoding="UTF-8"?>
<testsuite name="pack1.TestRecherche" tests="8" skipped="0" failures="0" errors="0" timestamp="2015-11-19T09:17:14" hostname="p20121" time="0.03">
  <properties/>
  <testcase name="testTrouve1" classname="pack1.TestRecherche" time="0.001"/>
  <testcase name="testTrouve2" classname="pack1.TestRecherche" time="0.001"/>
  <testcase name="testGetter" classname="pack1.TestRecherche" time="0.008"/>
  <testcase name="testTrouvePas" classname="pack1.TestRecherche" time="0.003"/>
  <testcase name="testTrouve1" classname="pack1.TestRecherche" time="0.001"/>
  <testcase name="testTrouve2" classname="pack1.TestRecherche" time="0.0"/>
  <testcase name="testGetter" classname="pack1.TestRecherche" time="0.0"/>
  <testcase name="testTrouvePas" classname="pack1.TestRecherche" time="0.001"/>
  <system-out><![CDATA[Trouvé!
Nombre d'occurences: 1
Trouvé!
Nombre d'occurences: 1
aucune occurence
Trouvé!
Nombre d'occurences: 1
Trouvé!
Nombre d'occurences: 1
aucune occurence
]]></system-out>
  <system-err><![CDATA[]]></system-err>
</testsuite>
